{"/home/honorio/pharma-chatbot/src/conversationEngine.js": {"path":"/home/honorio/pharma-chatbot/src/conversationEngine.js","all":false,"statementMap":{"0":{"start":{"line":1,"column":0},"end":{"line":1,"column":43}},"1":{"start":{"line":2,"column":0},"end":{"line":2,"column":37}},"2":{"start":{"line":3,"column":0},"end":{"line":3,"column":45}},"3":{"start":{"line":4,"column":0},"end":{"line":4,"column":48}},"4":{"start":{"line":5,"column":0},"end":{"line":5,"column":0}},"5":{"start":{"line":6,"column":0},"end":{"line":6,"column":0}},"6":{"start":{"line":7,"column":0},"end":{"line":7,"column":35}},"7":{"start":{"line":8,"column":0},"end":{"line":8,"column":15}},"8":{"start":{"line":9,"column":0},"end":{"line":9,"column":31}},"9":{"start":{"line":10,"column":0},"end":{"line":10,"column":23}},"10":{"start":{"line":11,"column":0},"end":{"line":11,"column":21}},"11":{"start":{"line":12,"column":0},"end":{"line":12,"column":25}},"12":{"start":{"line":13,"column":0},"end":{"line":13,"column":21}},"13":{"start":{"line":14,"column":0},"end":{"line":14,"column":35}},"14":{"start":{"line":15,"column":0},"end":{"line":15,"column":39}},"15":{"start":{"line":16,"column":0},"end":{"line":16,"column":27}},"16":{"start":{"line":17,"column":0},"end":{"line":17,"column":27}},"17":{"start":{"line":18,"column":0},"end":{"line":18,"column":31}},"18":{"start":{"line":19,"column":0},"end":{"line":19,"column":37}},"19":{"start":{"line":20,"column":0},"end":{"line":20,"column":12}},"20":{"start":{"line":21,"column":0},"end":{"line":21,"column":2}},"21":{"start":{"line":22,"column":0},"end":{"line":22,"column":0}},"22":{"start":{"line":23,"column":0},"end":{"line":23,"column":0}},"23":{"start":{"line":24,"column":0},"end":{"line":24,"column":18}},"24":{"start":{"line":25,"column":0},"end":{"line":25,"column":19}},"25":{"start":{"line":26,"column":0},"end":{"line":26,"column":34}},"26":{"start":{"line":27,"column":0},"end":{"line":27,"column":26}},"27":{"start":{"line":28,"column":0},"end":{"line":28,"column":24}},"28":{"start":{"line":29,"column":0},"end":{"line":29,"column":28}},"29":{"start":{"line":30,"column":0},"end":{"line":30,"column":24}},"30":{"start":{"line":31,"column":0},"end":{"line":31,"column":33}},"31":{"start":{"line":32,"column":0},"end":{"line":32,"column":41}},"32":{"start":{"line":33,"column":0},"end":{"line":33,"column":30}},"33":{"start":{"line":34,"column":0},"end":{"line":34,"column":30}},"34":{"start":{"line":35,"column":0},"end":{"line":35,"column":34}},"35":{"start":{"line":36,"column":0},"end":{"line":36,"column":40}},"36":{"start":{"line":37,"column":0},"end":{"line":37,"column":16}},"37":{"start":{"line":38,"column":0},"end":{"line":38,"column":2}},"38":{"start":{"line":39,"column":0},"end":{"line":39,"column":0}},"39":{"start":{"line":40,"column":0},"end":{"line":40,"column":67}},"40":{"start":{"line":41,"column":0},"end":{"line":41,"column":7}},"41":{"start":{"line":42,"column":0},"end":{"line":42,"column":17}},"42":{"start":{"line":43,"column":0},"end":{"line":43,"column":28}},"43":{"start":{"line":44,"column":0},"end":{"line":44,"column":33}},"44":{"start":{"line":45,"column":0},"end":{"line":45,"column":31}},"45":{"start":{"line":46,"column":0},"end":{"line":46,"column":0}},"46":{"start":{"line":47,"column":0},"end":{"line":47,"column":51}},"47":{"start":{"line":48,"column":0},"end":{"line":48,"column":0}},"48":{"start":{"line":49,"column":0},"end":{"line":49,"column":19}},"49":{"start":{"line":50,"column":0},"end":{"line":50,"column":53}},"50":{"start":{"line":51,"column":0},"end":{"line":51,"column":58}},"51":{"start":{"line":52,"column":0},"end":{"line":52,"column":5}},"52":{"start":{"line":53,"column":0},"end":{"line":53,"column":0}},"53":{"start":{"line":54,"column":0},"end":{"line":54,"column":45}},"54":{"start":{"line":55,"column":0},"end":{"line":55,"column":0}},"55":{"start":{"line":56,"column":0},"end":{"line":56,"column":19}},"56":{"start":{"line":57,"column":0},"end":{"line":57,"column":48}},"57":{"start":{"line":58,"column":0},"end":{"line":58,"column":51}},"58":{"start":{"line":59,"column":0},"end":{"line":59,"column":66}},"59":{"start":{"line":60,"column":0},"end":{"line":60,"column":3}},"60":{"start":{"line":61,"column":0},"end":{"line":61,"column":1}},"61":{"start":{"line":62,"column":0},"end":{"line":62,"column":0}},"62":{"start":{"line":63,"column":0},"end":{"line":63,"column":0}},"63":{"start":{"line":64,"column":0},"end":{"line":64,"column":0}},"64":{"start":{"line":65,"column":0},"end":{"line":65,"column":36}},"65":{"start":{"line":66,"column":0},"end":{"line":66,"column":57}},"66":{"start":{"line":67,"column":0},"end":{"line":67,"column":22}},"67":{"start":{"line":68,"column":0},"end":{"line":68,"column":40}},"68":{"start":{"line":69,"column":0},"end":{"line":69,"column":1}},"69":{"start":{"line":70,"column":0},"end":{"line":70,"column":0}},"70":{"start":{"line":71,"column":0},"end":{"line":71,"column":44}},"71":{"start":{"line":72,"column":0},"end":{"line":72,"column":32}},"72":{"start":{"line":73,"column":0},"end":{"line":73,"column":67}},"73":{"start":{"line":74,"column":0},"end":{"line":74,"column":0}},"74":{"start":{"line":75,"column":0},"end":{"line":75,"column":36}},"75":{"start":{"line":76,"column":0},"end":{"line":76,"column":51}},"76":{"start":{"line":77,"column":0},"end":{"line":77,"column":0}},"77":{"start":{"line":78,"column":0},"end":{"line":78,"column":53}},"78":{"start":{"line":79,"column":0},"end":{"line":79,"column":45}},"79":{"start":{"line":80,"column":0},"end":{"line":80,"column":0}},"80":{"start":{"line":81,"column":0},"end":{"line":81,"column":58}},"81":{"start":{"line":82,"column":0},"end":{"line":82,"column":0}},"82":{"start":{"line":83,"column":0},"end":{"line":83,"column":26}},"83":{"start":{"line":84,"column":0},"end":{"line":84,"column":1}},"84":{"start":{"line":85,"column":0},"end":{"line":85,"column":0}},"85":{"start":{"line":86,"column":0},"end":{"line":86,"column":40}},"86":{"start":{"line":87,"column":0},"end":{"line":87,"column":36}},"87":{"start":{"line":88,"column":0},"end":{"line":88,"column":52}},"88":{"start":{"line":89,"column":0},"end":{"line":89,"column":43}},"89":{"start":{"line":90,"column":0},"end":{"line":90,"column":1}},"90":{"start":{"line":91,"column":0},"end":{"line":91,"column":0}},"91":{"start":{"line":92,"column":0},"end":{"line":92,"column":39}},"92":{"start":{"line":93,"column":0},"end":{"line":93,"column":39}},"93":{"start":{"line":94,"column":0},"end":{"line":94,"column":0}},"94":{"start":{"line":95,"column":0},"end":{"line":95,"column":29}},"95":{"start":{"line":96,"column":0},"end":{"line":96,"column":65}},"96":{"start":{"line":97,"column":0},"end":{"line":97,"column":3}},"97":{"start":{"line":98,"column":0},"end":{"line":98,"column":0}},"98":{"start":{"line":99,"column":0},"end":{"line":99,"column":26}},"99":{"start":{"line":100,"column":0},"end":{"line":100,"column":54}},"100":{"start":{"line":101,"column":0},"end":{"line":101,"column":56}},"101":{"start":{"line":102,"column":0},"end":{"line":102,"column":1}},"102":{"start":{"line":103,"column":0},"end":{"line":103,"column":0}},"103":{"start":{"line":104,"column":0},"end":{"line":104,"column":41}},"104":{"start":{"line":105,"column":0},"end":{"line":105,"column":41}},"105":{"start":{"line":106,"column":0},"end":{"line":106,"column":0}},"106":{"start":{"line":107,"column":0},"end":{"line":107,"column":33}},"107":{"start":{"line":108,"column":0},"end":{"line":108,"column":66}},"108":{"start":{"line":109,"column":0},"end":{"line":109,"column":3}},"109":{"start":{"line":110,"column":0},"end":{"line":110,"column":0}},"110":{"start":{"line":111,"column":0},"end":{"line":111,"column":30}},"111":{"start":{"line":112,"column":0},"end":{"line":112,"column":52}},"112":{"start":{"line":113,"column":0},"end":{"line":113,"column":37}},"113":{"start":{"line":114,"column":0},"end":{"line":114,"column":1}},"114":{"start":{"line":115,"column":0},"end":{"line":115,"column":0}},"115":{"start":{"line":116,"column":0},"end":{"line":116,"column":39}},"116":{"start":{"line":117,"column":0},"end":{"line":117,"column":39}},"117":{"start":{"line":118,"column":0},"end":{"line":118,"column":0}},"118":{"start":{"line":119,"column":0},"end":{"line":119,"column":29}},"119":{"start":{"line":120,"column":0},"end":{"line":120,"column":44}},"120":{"start":{"line":121,"column":0},"end":{"line":121,"column":3}},"121":{"start":{"line":122,"column":0},"end":{"line":122,"column":0}},"122":{"start":{"line":123,"column":0},"end":{"line":123,"column":26}},"123":{"start":{"line":124,"column":0},"end":{"line":124,"column":59}},"124":{"start":{"line":125,"column":0},"end":{"line":125,"column":35}},"125":{"start":{"line":126,"column":0},"end":{"line":126,"column":1}},"126":{"start":{"line":127,"column":0},"end":{"line":127,"column":0}},"127":{"start":{"line":128,"column":0},"end":{"line":128,"column":40}},"128":{"start":{"line":129,"column":0},"end":{"line":129,"column":7}},"129":{"start":{"line":130,"column":0},"end":{"line":130,"column":61}},"130":{"start":{"line":131,"column":0},"end":{"line":131,"column":36}},"131":{"start":{"line":132,"column":0},"end":{"line":132,"column":63}},"132":{"start":{"line":133,"column":0},"end":{"line":133,"column":0}},"133":{"start":{"line":134,"column":0},"end":{"line":134,"column":47}},"134":{"start":{"line":135,"column":0},"end":{"line":135,"column":0}},"135":{"start":{"line":136,"column":0},"end":{"line":136,"column":25}},"136":{"start":{"line":137,"column":0},"end":{"line":137,"column":43}},"137":{"start":{"line":138,"column":0},"end":{"line":138,"column":44}},"138":{"start":{"line":139,"column":0},"end":{"line":139,"column":0}},"139":{"start":{"line":140,"column":0},"end":{"line":140,"column":46}},"140":{"start":{"line":141,"column":0},"end":{"line":141,"column":0}},"141":{"start":{"line":142,"column":0},"end":{"line":142,"column":11}},"142":{"start":{"line":143,"column":0},"end":{"line":143,"column":54}},"143":{"start":{"line":144,"column":0},"end":{"line":144,"column":55}},"144":{"start":{"line":145,"column":0},"end":{"line":145,"column":3}},"145":{"start":{"line":146,"column":0},"end":{"line":146,"column":1}},"146":{"start":{"line":147,"column":0},"end":{"line":147,"column":0}},"147":{"start":{"line":148,"column":0},"end":{"line":148,"column":47}},"148":{"start":{"line":149,"column":0},"end":{"line":149,"column":45}},"149":{"start":{"line":150,"column":0},"end":{"line":150,"column":0}},"150":{"start":{"line":151,"column":0},"end":{"line":151,"column":40}},"151":{"start":{"line":152,"column":0},"end":{"line":152,"column":54}},"152":{"start":{"line":153,"column":0},"end":{"line":153,"column":51}},"153":{"start":{"line":154,"column":0},"end":{"line":154,"column":3}},"154":{"start":{"line":155,"column":0},"end":{"line":155,"column":0}},"155":{"start":{"line":156,"column":0},"end":{"line":156,"column":55}},"156":{"start":{"line":157,"column":0},"end":{"line":157,"column":32}},"157":{"start":{"line":158,"column":0},"end":{"line":158,"column":1}},"158":{"start":{"line":159,"column":0},"end":{"line":159,"column":0}},"159":{"start":{"line":160,"column":0},"end":{"line":160,"column":42}},"160":{"start":{"line":161,"column":0},"end":{"line":161,"column":50}},"161":{"start":{"line":162,"column":0},"end":{"line":162,"column":55}},"162":{"start":{"line":163,"column":0},"end":{"line":163,"column":41}},"163":{"start":{"line":164,"column":0},"end":{"line":164,"column":1}},"164":{"start":{"line":165,"column":0},"end":{"line":165,"column":0}},"165":{"start":{"line":166,"column":0},"end":{"line":166,"column":42}},"166":{"start":{"line":167,"column":0},"end":{"line":167,"column":38}},"167":{"start":{"line":168,"column":0},"end":{"line":168,"column":0}},"168":{"start":{"line":169,"column":0},"end":{"line":169,"column":38}},"169":{"start":{"line":170,"column":0},"end":{"line":170,"column":59}},"170":{"start":{"line":171,"column":0},"end":{"line":171,"column":37}},"171":{"start":{"line":172,"column":0},"end":{"line":172,"column":3}},"172":{"start":{"line":173,"column":0},"end":{"line":173,"column":0}},"173":{"start":{"line":174,"column":0},"end":{"line":174,"column":60}},"174":{"start":{"line":175,"column":0},"end":{"line":175,"column":43}},"175":{"start":{"line":176,"column":0},"end":{"line":176,"column":1}},"176":{"start":{"line":177,"column":0},"end":{"line":177,"column":0}},"177":{"start":{"line":178,"column":0},"end":{"line":178,"column":44}},"178":{"start":{"line":179,"column":0},"end":{"line":179,"column":32}},"179":{"start":{"line":180,"column":0},"end":{"line":180,"column":61}},"180":{"start":{"line":181,"column":0},"end":{"line":181,"column":0}},"181":{"start":{"line":182,"column":0},"end":{"line":182,"column":42}},"182":{"start":{"line":183,"column":0},"end":{"line":183,"column":60}},"183":{"start":{"line":184,"column":0},"end":{"line":184,"column":43}},"184":{"start":{"line":185,"column":0},"end":{"line":185,"column":1}},"185":{"start":{"line":186,"column":0},"end":{"line":186,"column":0}},"186":{"start":{"line":187,"column":0},"end":{"line":187,"column":53}},"187":{"start":{"line":188,"column":0},"end":{"line":188,"column":45}},"188":{"start":{"line":189,"column":0},"end":{"line":189,"column":0}},"189":{"start":{"line":190,"column":0},"end":{"line":190,"column":40}},"190":{"start":{"line":191,"column":0},"end":{"line":191,"column":54}},"191":{"start":{"line":192,"column":0},"end":{"line":192,"column":52}},"192":{"start":{"line":193,"column":0},"end":{"line":193,"column":3}},"193":{"start":{"line":194,"column":0},"end":{"line":194,"column":0}},"194":{"start":{"line":195,"column":0},"end":{"line":195,"column":48}},"195":{"start":{"line":196,"column":0},"end":{"line":196,"column":0}},"196":{"start":{"line":197,"column":0},"end":{"line":197,"column":50}},"197":{"start":{"line":198,"column":0},"end":{"line":198,"column":17}},"198":{"start":{"line":199,"column":0},"end":{"line":199,"column":16}},"199":{"start":{"line":200,"column":0},"end":{"line":200,"column":21}},"200":{"start":{"line":201,"column":0},"end":{"line":201,"column":0}},"201":{"start":{"line":202,"column":0},"end":{"line":202,"column":29}},"202":{"start":{"line":203,"column":0},"end":{"line":203,"column":53}},"203":{"start":{"line":204,"column":0},"end":{"line":204,"column":0}},"204":{"start":{"line":205,"column":0},"end":{"line":205,"column":20}},"205":{"start":{"line":206,"column":0},"end":{"line":206,"column":0}},"206":{"start":{"line":207,"column":0},"end":{"line":207,"column":28}},"207":{"start":{"line":208,"column":0},"end":{"line":208,"column":54}},"208":{"start":{"line":209,"column":0},"end":{"line":209,"column":0}},"209":{"start":{"line":210,"column":0},"end":{"line":210,"column":33}},"210":{"start":{"line":211,"column":0},"end":{"line":211,"column":28}},"211":{"start":{"line":212,"column":0},"end":{"line":212,"column":48}},"212":{"start":{"line":213,"column":0},"end":{"line":213,"column":41}},"213":{"start":{"line":214,"column":0},"end":{"line":214,"column":53}},"214":{"start":{"line":215,"column":0},"end":{"line":215,"column":0}},"215":{"start":{"line":216,"column":0},"end":{"line":216,"column":12}},"216":{"start":{"line":217,"column":0},"end":{"line":217,"column":25}},"217":{"start":{"line":218,"column":0},"end":{"line":218,"column":72}},"218":{"start":{"line":219,"column":0},"end":{"line":219,"column":39}},"219":{"start":{"line":220,"column":0},"end":{"line":220,"column":71}},"220":{"start":{"line":221,"column":0},"end":{"line":221,"column":0}},"221":{"start":{"line":222,"column":0},"end":{"line":222,"column":50}},"222":{"start":{"line":223,"column":0},"end":{"line":223,"column":52}},"223":{"start":{"line":224,"column":0},"end":{"line":224,"column":0}},"224":{"start":{"line":225,"column":0},"end":{"line":225,"column":41}},"225":{"start":{"line":226,"column":0},"end":{"line":226,"column":1}},"226":{"start":{"line":227,"column":0},"end":{"line":227,"column":0}},"227":{"start":{"line":228,"column":0},"end":{"line":228,"column":22}},"228":{"start":{"line":229,"column":0},"end":{"line":229,"column":77}},"229":{"start":{"line":230,"column":0},"end":{"line":230,"column":1}},"230":{"start":{"line":231,"column":0},"end":{"line":231,"column":0}},"231":{"start":{"line":232,"column":0},"end":{"line":232,"column":0}},"232":{"start":{"line":233,"column":0},"end":{"line":233,"column":44}},"233":{"start":{"line":234,"column":0},"end":{"line":234,"column":34}},"234":{"start":{"line":235,"column":0},"end":{"line":235,"column":0}},"235":{"start":{"line":236,"column":0},"end":{"line":236,"column":38}},"236":{"start":{"line":237,"column":0},"end":{"line":237,"column":0}},"237":{"start":{"line":238,"column":0},"end":{"line":238,"column":25}},"238":{"start":{"line":239,"column":0},"end":{"line":239,"column":52}},"239":{"start":{"line":240,"column":0},"end":{"line":240,"column":19}},"240":{"start":{"line":241,"column":0},"end":{"line":241,"column":31}},"241":{"start":{"line":242,"column":0},"end":{"line":242,"column":0}},"242":{"start":{"line":243,"column":0},"end":{"line":243,"column":31}},"243":{"start":{"line":244,"column":0},"end":{"line":244,"column":1}},"244":{"start":{"line":245,"column":0},"end":{"line":245,"column":0}},"245":{"start":{"line":246,"column":0},"end":{"line":246,"column":21}},"246":{"start":{"line":247,"column":0},"end":{"line":247,"column":57}},"247":{"start":{"line":248,"column":0},"end":{"line":248,"column":1}},"248":{"start":{"line":249,"column":0},"end":{"line":249,"column":29}},"249":{"start":{"line":250,"column":0},"end":{"line":250,"column":28}},"250":{"start":{"line":251,"column":0},"end":{"line":251,"column":75}},"251":{"start":{"line":252,"column":0},"end":{"line":252,"column":3}},"252":{"start":{"line":253,"column":0},"end":{"line":253,"column":73}},"253":{"start":{"line":254,"column":0},"end":{"line":254,"column":1}}},"s":{"0":1,"1":1,"2":1,"3":1,"4":1,"5":1,"6":1,"7":1,"8":1,"9":1,"10":1,"11":1,"12":1,"13":1,"14":1,"15":1,"16":1,"17":1,"18":1,"19":1,"20":1,"21":1,"22":1,"23":1,"24":1,"25":1,"26":1,"27":1,"28":1,"29":1,"30":1,"31":1,"32":1,"33":1,"34":1,"35":1,"36":1,"37":1,"38":1,"39":1,"40":12,"41":12,"42":12,"43":12,"44":12,"45":12,"46":12,"47":12,"48":12,"49":1,"50":1,"51":1,"52":11,"53":11,"54":11,"55":12,"56":0,"57":0,"58":0,"59":0,"60":12,"61":1,"62":1,"63":1,"64":1,"65":1,"66":1,"67":1,"68":1,"69":1,"70":2,"71":2,"72":2,"73":1,"74":1,"75":1,"76":1,"77":1,"78":1,"79":1,"80":1,"81":1,"82":1,"83":1,"84":1,"85":0,"86":0,"87":0,"88":0,"89":0,"90":1,"91":1,"92":1,"93":1,"94":1,"95":1,"96":1,"97":0,"98":0,"99":0,"100":0,"101":0,"102":1,"103":1,"104":1,"105":1,"106":1,"107":1,"108":1,"109":0,"110":0,"111":0,"112":0,"113":0,"114":1,"115":1,"116":1,"117":1,"118":1,"119":1,"120":1,"121":0,"122":0,"123":0,"124":0,"125":0,"126":1,"127":2,"128":2,"129":2,"130":1,"131":1,"132":1,"133":1,"134":1,"135":1,"136":1,"137":2,"138":2,"139":2,"140":2,"141":2,"142":1,"143":1,"144":1,"145":2,"146":1,"147":1,"148":1,"149":1,"150":1,"151":1,"152":1,"153":1,"154":0,"155":0,"156":0,"157":0,"158":1,"159":0,"160":0,"161":0,"162":0,"163":0,"164":1,"165":1,"166":1,"167":1,"168":1,"169":0,"170":0,"171":0,"172":1,"173":1,"174":1,"175":1,"176":1,"177":0,"178":0,"179":0,"180":0,"181":0,"182":0,"183":0,"184":0,"185":1,"186":1,"187":1,"188":1,"189":1,"190":0,"191":0,"192":0,"193":1,"194":1,"195":1,"196":1,"197":1,"198":1,"199":1,"200":1,"201":1,"202":1,"203":1,"204":1,"205":1,"206":1,"207":1,"208":1,"209":1,"210":1,"211":1,"212":1,"213":1,"214":1,"215":1,"216":1,"217":1,"218":1,"219":1,"220":1,"221":1,"222":1,"223":1,"224":1,"225":1,"226":1,"227":0,"228":0,"229":0,"230":1,"231":1,"232":1,"233":1,"234":1,"235":1,"236":1,"237":1,"238":1,"239":1,"240":1,"241":1,"242":1,"243":1,"244":1,"245":1,"246":2,"247":2,"248":1,"249":1,"250":1,"251":1,"252":0,"253":0},"branchMap":{"0":{"type":"branch","line":40,"loc":{"start":{"line":40,"column":7},"end":{"line":61,"column":1}},"locations":[{"start":{"line":40,"column":7},"end":{"line":61,"column":1}}]},"1":{"type":"branch","line":49,"loc":{"start":{"line":49,"column":18},"end":{"line":52,"column":5}},"locations":[{"start":{"line":49,"column":18},"end":{"line":52,"column":5}}]},"2":{"type":"branch","line":52,"loc":{"start":{"line":52,"column":4},"end":{"line":56,"column":4}},"locations":[{"start":{"line":52,"column":4},"end":{"line":56,"column":4}}]},"3":{"type":"branch","line":56,"loc":{"start":{"line":56,"column":4},"end":{"line":60,"column":3}},"locations":[{"start":{"line":56,"column":4},"end":{"line":60,"column":3}}]},"4":{"type":"branch","line":65,"loc":{"start":{"line":65,"column":0},"end":{"line":69,"column":1}},"locations":[{"start":{"line":65,"column":0},"end":{"line":69,"column":1}}]},"5":{"type":"branch","line":71,"loc":{"start":{"line":71,"column":0},"end":{"line":84,"column":1}},"locations":[{"start":{"line":71,"column":0},"end":{"line":84,"column":1}}]},"6":{"type":"branch","line":73,"loc":{"start":{"line":73,"column":17},"end":{"line":84,"column":1}},"locations":[{"start":{"line":73,"column":17},"end":{"line":84,"column":1}}]},"7":{"type":"branch","line":92,"loc":{"start":{"line":92,"column":0},"end":{"line":102,"column":1}},"locations":[{"start":{"line":92,"column":0},"end":{"line":102,"column":1}}]},"8":{"type":"branch","line":97,"loc":{"start":{"line":97,"column":2},"end":{"line":102,"column":1}},"locations":[{"start":{"line":97,"column":2},"end":{"line":102,"column":1}}]},"9":{"type":"branch","line":104,"loc":{"start":{"line":104,"column":0},"end":{"line":114,"column":1}},"locations":[{"start":{"line":104,"column":0},"end":{"line":114,"column":1}}]},"10":{"type":"branch","line":109,"loc":{"start":{"line":109,"column":2},"end":{"line":114,"column":1}},"locations":[{"start":{"line":109,"column":2},"end":{"line":114,"column":1}}]},"11":{"type":"branch","line":116,"loc":{"start":{"line":116,"column":0},"end":{"line":126,"column":1}},"locations":[{"start":{"line":116,"column":0},"end":{"line":126,"column":1}}]},"12":{"type":"branch","line":121,"loc":{"start":{"line":121,"column":2},"end":{"line":126,"column":1}},"locations":[{"start":{"line":121,"column":2},"end":{"line":126,"column":1}}]},"13":{"type":"branch","line":128,"loc":{"start":{"line":128,"column":0},"end":{"line":146,"column":1}},"locations":[{"start":{"line":128,"column":0},"end":{"line":146,"column":1}}]},"14":{"type":"branch","line":130,"loc":{"start":{"line":130,"column":60},"end":{"line":138,"column":28}},"locations":[{"start":{"line":130,"column":60},"end":{"line":138,"column":28}}]},"15":{"type":"branch","line":138,"loc":{"start":{"line":138,"column":24},"end":{"line":138,"column":43}},"locations":[{"start":{"line":138,"column":24},"end":{"line":138,"column":43}}]},"16":{"type":"branch","line":142,"loc":{"start":{"line":142,"column":4},"end":{"line":145,"column":3}},"locations":[{"start":{"line":142,"column":4},"end":{"line":145,"column":3}}]},"17":{"type":"branch","line":148,"loc":{"start":{"line":148,"column":0},"end":{"line":158,"column":1}},"locations":[{"start":{"line":148,"column":0},"end":{"line":158,"column":1}}]},"18":{"type":"branch","line":154,"loc":{"start":{"line":154,"column":2},"end":{"line":158,"column":1}},"locations":[{"start":{"line":154,"column":2},"end":{"line":158,"column":1}}]},"19":{"type":"branch","line":166,"loc":{"start":{"line":166,"column":0},"end":{"line":176,"column":1}},"locations":[{"start":{"line":166,"column":0},"end":{"line":176,"column":1}}]},"20":{"type":"branch","line":169,"loc":{"start":{"line":169,"column":37},"end":{"line":172,"column":3}},"locations":[{"start":{"line":169,"column":37},"end":{"line":172,"column":3}}]},"21":{"type":"branch","line":187,"loc":{"start":{"line":187,"column":0},"end":{"line":226,"column":1}},"locations":[{"start":{"line":187,"column":0},"end":{"line":226,"column":1}}]},"22":{"type":"branch","line":190,"loc":{"start":{"line":190,"column":39},"end":{"line":193,"column":3}},"locations":[{"start":{"line":190,"column":39},"end":{"line":193,"column":3}}]},"23":{"type":"branch","line":233,"loc":{"start":{"line":233,"column":0},"end":{"line":244,"column":1}},"locations":[{"start":{"line":233,"column":0},"end":{"line":244,"column":1}}]},"24":{"type":"branch","line":246,"loc":{"start":{"line":246,"column":1},"end":{"line":248,"column":1}},"locations":[{"start":{"line":246,"column":1},"end":{"line":248,"column":1}}]},"25":{"type":"branch","line":247,"loc":{"start":{"line":247,"column":21},"end":{"line":247,"column":55}},"locations":[{"start":{"line":247,"column":21},"end":{"line":247,"column":55}}]},"26":{"type":"branch","line":249,"loc":{"start":{"line":249,"column":0},"end":{"line":254,"column":1}},"locations":[{"start":{"line":249,"column":0},"end":{"line":254,"column":1}}]},"27":{"type":"branch","line":252,"loc":{"start":{"line":252,"column":2},"end":{"line":254,"column":1}},"locations":[{"start":{"line":252,"column":2},"end":{"line":254,"column":1}}]}},"b":{"0":[12],"1":[1],"2":[11],"3":[0],"4":[1],"5":[2],"6":[1],"7":[1],"8":[0],"9":[1],"10":[0],"11":[1],"12":[0],"13":[2],"14":[1],"15":[0],"16":[1],"17":[1],"18":[0],"19":[1],"20":[0],"21":[1],"22":[0],"23":[1],"24":[2],"25":[2],"26":[1],"27":[0]},"fnMap":{"0":{"name":"handleConversation","decl":{"start":{"line":40,"column":7},"end":{"line":61,"column":1}},"loc":{"start":{"line":40,"column":7},"end":{"line":61,"column":1}},"line":40},"1":{"name":"handleInit","decl":{"start":{"line":65,"column":0},"end":{"line":69,"column":1}},"loc":{"start":{"line":65,"column":0},"end":{"line":69,"column":1}},"line":65},"2":{"name":"handleAskMedicine","decl":{"start":{"line":71,"column":0},"end":{"line":84,"column":1}},"loc":{"start":{"line":71,"column":0},"end":{"line":84,"column":1}},"line":71},"3":{"name":"handleAskName","decl":{"start":{"line":86,"column":0},"end":{"line":90,"column":1}},"loc":{"start":{"line":86,"column":0},"end":{"line":90,"column":1}},"line":86},"4":{"name":"handleAskCpf","decl":{"start":{"line":92,"column":0},"end":{"line":102,"column":1}},"loc":{"start":{"line":92,"column":0},"end":{"line":102,"column":1}},"line":92},"5":{"name":"handleAskPhone","decl":{"start":{"line":104,"column":0},"end":{"line":114,"column":1}},"loc":{"start":{"line":104,"column":0},"end":{"line":114,"column":1}},"line":104},"6":{"name":"handleAskCep","decl":{"start":{"line":116,"column":0},"end":{"line":126,"column":1}},"loc":{"start":{"line":116,"column":0},"end":{"line":126,"column":1}},"line":116},"7":{"name":"handleFetchCep","decl":{"start":{"line":128,"column":0},"end":{"line":146,"column":1}},"loc":{"start":{"line":128,"column":0},"end":{"line":146,"column":1}},"line":128},"8":{"name":"handleConfirmCityCep","decl":{"start":{"line":148,"column":0},"end":{"line":158,"column":1}},"loc":{"start":{"line":148,"column":0},"end":{"line":158,"column":1}},"line":148},"9":{"name":"handleAskStreet","decl":{"start":{"line":160,"column":0},"end":{"line":164,"column":1}},"loc":{"start":{"line":160,"column":0},"end":{"line":164,"column":1}},"line":160},"10":{"name":"handleAskNumber","decl":{"start":{"line":166,"column":0},"end":{"line":176,"column":1}},"loc":{"start":{"line":166,"column":0},"end":{"line":176,"column":1}},"line":166},"11":{"name":"handleAskDistrict","decl":{"start":{"line":178,"column":0},"end":{"line":185,"column":1}},"loc":{"start":{"line":178,"column":0},"end":{"line":185,"column":1}},"line":178},"12":{"name":"handleConfirmAddress","decl":{"start":{"line":187,"column":0},"end":{"line":226,"column":1}},"loc":{"start":{"line":187,"column":0},"end":{"line":226,"column":1}},"line":187},"13":{"name":"handleEnd","decl":{"start":{"line":228,"column":0},"end":{"line":230,"column":1}},"loc":{"start":{"line":228,"column":0},"end":{"line":230,"column":1}},"line":228},"14":{"name":"buildAddressConfirmation","decl":{"start":{"line":233,"column":0},"end":{"line":244,"column":1}},"loc":{"start":{"line":233,"column":0},"end":{"line":244,"column":1}},"line":233},"15":{"name":"delay","decl":{"start":{"line":246,"column":1},"end":{"line":248,"column":1}},"loc":{"start":{"line":246,"column":1},"end":{"line":248,"column":1}},"line":246},"16":{"name":"formatPhone","decl":{"start":{"line":249,"column":0},"end":{"line":254,"column":1}},"loc":{"start":{"line":249,"column":0},"end":{"line":254,"column":1}},"line":249}},"f":{"0":12,"1":1,"2":2,"3":0,"4":1,"5":1,"6":1,"7":2,"8":1,"9":0,"10":1,"11":0,"12":1,"13":0,"14":1,"15":2,"16":1}}
,"/home/honorio/pharma-chatbot/src/validators.js": {"path":"/home/honorio/pharma-chatbot/src/validators.js","all":false,"statementMap":{"0":{"start":{"line":1,"column":0},"end":{"line":1,"column":37}},"1":{"start":{"line":2,"column":0},"end":{"line":2,"column":0}},"2":{"start":{"line":3,"column":0},"end":{"line":3,"column":27}},"3":{"start":{"line":4,"column":0},"end":{"line":4,"column":17}},"4":{"start":{"line":5,"column":0},"end":{"line":5,"column":41}},"5":{"start":{"line":6,"column":0},"end":{"line":6,"column":4}},"6":{"start":{"line":7,"column":0},"end":{"line":7,"column":30}},"7":{"start":{"line":8,"column":0},"end":{"line":8,"column":90}},"8":{"start":{"line":9,"column":0},"end":{"line":9,"column":19}},"9":{"start":{"line":10,"column":0},"end":{"line":10,"column":5}},"10":{"start":{"line":11,"column":0},"end":{"line":11,"column":4}},"11":{"start":{"line":12,"column":0},"end":{"line":12,"column":33}},"12":{"start":{"line":13,"column":0},"end":{"line":13,"column":37}},"13":{"start":{"line":14,"column":0},"end":{"line":14,"column":91}},"14":{"start":{"line":15,"column":0},"end":{"line":15,"column":19}},"15":{"start":{"line":16,"column":0},"end":{"line":16,"column":5}},"16":{"start":{"line":17,"column":0},"end":{"line":17,"column":4}},"17":{"start":{"line":18,"column":0},"end":{"line":18,"column":41}},"18":{"start":{"line":19,"column":0},"end":{"line":19,"column":16}},"19":{"start":{"line":20,"column":0},"end":{"line":20,"column":33}},"20":{"start":{"line":21,"column":0},"end":{"line":21,"column":50}},"21":{"start":{"line":22,"column":0},"end":{"line":22,"column":5}},"22":{"start":{"line":23,"column":0},"end":{"line":23,"column":36}},"23":{"start":{"line":24,"column":0},"end":{"line":24,"column":60}},"24":{"start":{"line":25,"column":0},"end":{"line":25,"column":4}},"25":{"start":{"line":26,"column":0},"end":{"line":26,"column":50}},"26":{"start":{"line":27,"column":0},"end":{"line":27,"column":110}},"27":{"start":{"line":28,"column":0},"end":{"line":28,"column":19}},"28":{"start":{"line":29,"column":0},"end":{"line":29,"column":5}},"29":{"start":{"line":30,"column":0},"end":{"line":30,"column":4}},"30":{"start":{"line":31,"column":0},"end":{"line":31,"column":40}},"31":{"start":{"line":32,"column":0},"end":{"line":32,"column":12}},"32":{"start":{"line":33,"column":0},"end":{"line":33,"column":34}},"33":{"start":{"line":34,"column":0},"end":{"line":34,"column":50}},"34":{"start":{"line":35,"column":0},"end":{"line":35,"column":5}},"35":{"start":{"line":36,"column":0},"end":{"line":36,"column":32}},"36":{"start":{"line":37,"column":0},"end":{"line":37,"column":60}},"37":{"start":{"line":38,"column":0},"end":{"line":38,"column":4}},"38":{"start":{"line":39,"column":0},"end":{"line":39,"column":61}},"39":{"start":{"line":40,"column":0},"end":{"line":40,"column":4}},"40":{"start":{"line":41,"column":0},"end":{"line":41,"column":19}},"41":{"start":{"line":42,"column":0},"end":{"line":42,"column":109}},"42":{"start":{"line":43,"column":0},"end":{"line":43,"column":12}},"43":{"start":{"line":44,"column":0},"end":{"line":44,"column":81}},"44":{"start":{"line":45,"column":0},"end":{"line":45,"column":5}},"45":{"start":{"line":46,"column":0},"end":{"line":46,"column":4}},"46":{"start":{"line":47,"column":0},"end":{"line":47,"column":19}},"47":{"start":{"line":48,"column":0},"end":{"line":48,"column":4}},"48":{"start":{"line":49,"column":0},"end":{"line":49,"column":2}},"49":{"start":{"line":50,"column":0},"end":{"line":50,"column":17}},"50":{"start":{"line":51,"column":0},"end":{"line":51,"column":41}},"51":{"start":{"line":52,"column":0},"end":{"line":52,"column":42}},"52":{"start":{"line":53,"column":0},"end":{"line":53,"column":4}},"53":{"start":{"line":54,"column":0},"end":{"line":54,"column":19}},"54":{"start":{"line":55,"column":0},"end":{"line":55,"column":62}},"55":{"start":{"line":56,"column":0},"end":{"line":56,"column":12}},"56":{"start":{"line":57,"column":0},"end":{"line":57,"column":63}},"57":{"start":{"line":58,"column":0},"end":{"line":58,"column":5}},"58":{"start":{"line":59,"column":0},"end":{"line":59,"column":4}},"59":{"start":{"line":60,"column":0},"end":{"line":60,"column":19}},"60":{"start":{"line":61,"column":0},"end":{"line":61,"column":4}},"61":{"start":{"line":62,"column":0},"end":{"line":62,"column":2}},"62":{"start":{"line":63,"column":0},"end":{"line":63,"column":21}},"63":{"start":{"line":64,"column":0},"end":{"line":64,"column":43}},"64":{"start":{"line":65,"column":0},"end":{"line":65,"column":46}},"65":{"start":{"line":66,"column":0},"end":{"line":66,"column":4}},"66":{"start":{"line":67,"column":0},"end":{"line":67,"column":19}},"67":{"start":{"line":68,"column":0},"end":{"line":68,"column":69}},"68":{"start":{"line":69,"column":0},"end":{"line":69,"column":5}},"69":{"start":{"line":70,"column":0},"end":{"line":70,"column":4}},"70":{"start":{"line":71,"column":0},"end":{"line":71,"column":19}},"71":{"start":{"line":72,"column":0},"end":{"line":72,"column":3}},"72":{"start":{"line":73,"column":0},"end":{"line":73,"column":2}},"73":{"start":{"line":74,"column":0},"end":{"line":74,"column":0}},"74":{"start":{"line":75,"column":0},"end":{"line":75,"column":27}},"75":{"start":{"line":76,"column":0},"end":{"line":76,"column":17}},"76":{"start":{"line":77,"column":0},"end":{"line":77,"column":41}},"77":{"start":{"line":78,"column":0},"end":{"line":78,"column":74}},"78":{"start":{"line":79,"column":0},"end":{"line":79,"column":17}},"79":{"start":{"line":80,"column":0},"end":{"line":80,"column":4}},"80":{"start":{"line":81,"column":0},"end":{"line":81,"column":2}},"81":{"start":{"line":82,"column":0},"end":{"line":82,"column":17}},"82":{"start":{"line":83,"column":0},"end":{"line":83,"column":41}},"83":{"start":{"line":84,"column":0},"end":{"line":84,"column":74}},"84":{"start":{"line":85,"column":0},"end":{"line":85,"column":17}},"85":{"start":{"line":86,"column":0},"end":{"line":86,"column":4}},"86":{"start":{"line":87,"column":0},"end":{"line":87,"column":2}},"87":{"start":{"line":88,"column":0},"end":{"line":88,"column":21}},"88":{"start":{"line":89,"column":0},"end":{"line":89,"column":43}},"89":{"start":{"line":90,"column":0},"end":{"line":90,"column":81}},"90":{"start":{"line":91,"column":0},"end":{"line":91,"column":17}},"91":{"start":{"line":92,"column":0},"end":{"line":92,"column":4}},"92":{"start":{"line":93,"column":0},"end":{"line":93,"column":2}},"93":{"start":{"line":94,"column":0},"end":{"line":94,"column":19}},"94":{"start":{"line":95,"column":0},"end":{"line":95,"column":32}},"95":{"start":{"line":96,"column":0},"end":{"line":96,"column":105}},"96":{"start":{"line":97,"column":0},"end":{"line":97,"column":19}},"97":{"start":{"line":98,"column":0},"end":{"line":98,"column":3}},"98":{"start":{"line":99,"column":0},"end":{"line":99,"column":2}}},"s":{"0":1,"1":1,"2":1,"3":1,"4":6,"5":6,"6":6,"7":2,"8":2,"9":2,"10":4,"11":4,"12":5,"13":1,"14":1,"15":1,"16":3,"17":3,"18":3,"19":5,"20":27,"21":27,"22":3,"23":6,"24":3,"25":5,"26":0,"27":0,"28":0,"29":3,"30":3,"31":3,"32":5,"33":30,"34":30,"35":3,"36":6,"37":3,"38":3,"39":3,"40":5,"41":2,"42":5,"43":1,"44":1,"45":3,"46":3,"47":1,"48":1,"49":1,"50":3,"51":3,"52":3,"53":3,"54":2,"55":2,"56":1,"57":1,"58":3,"59":3,"60":1,"61":1,"62":1,"63":4,"64":4,"65":4,"66":4,"67":2,"68":2,"69":4,"70":4,"71":4,"72":1,"73":1,"74":1,"75":1,"76":0,"77":0,"78":0,"79":1,"80":1,"81":1,"82":0,"83":0,"84":0,"85":1,"86":1,"87":1,"88":0,"89":0,"90":0,"91":1,"92":1,"93":1,"94":0,"95":0,"96":0,"97":0,"98":1},"branchMap":{"0":{"type":"branch","line":4,"loc":{"start":{"line":4,"column":8},"end":{"line":48,"column":3}},"locations":[{"start":{"line":4,"column":8},"end":{"line":48,"column":3}}]},"1":{"type":"branch","line":7,"loc":{"start":{"line":7,"column":29},"end":{"line":10,"column":5}},"locations":[{"start":{"line":7,"column":29},"end":{"line":10,"column":5}}]},"2":{"type":"branch","line":10,"loc":{"start":{"line":10,"column":4},"end":{"line":24,"column":44}},"locations":[{"start":{"line":10,"column":4},"end":{"line":24,"column":44}}]},"3":{"type":"branch","line":10,"loc":{"start":{"line":10,"column":4},"end":{"line":13,"column":36}},"locations":[{"start":{"line":10,"column":4},"end":{"line":13,"column":36}}]},"4":{"type":"branch","line":13,"loc":{"start":{"line":13,"column":36},"end":{"line":16,"column":5}},"locations":[{"start":{"line":13,"column":36},"end":{"line":16,"column":5}}]},"5":{"type":"branch","line":16,"loc":{"start":{"line":16,"column":4},"end":{"line":20,"column":32}},"locations":[{"start":{"line":16,"column":4},"end":{"line":20,"column":32}}]},"6":{"type":"branch","line":20,"loc":{"start":{"line":20,"column":32},"end":{"line":22,"column":5}},"locations":[{"start":{"line":20,"column":32},"end":{"line":22,"column":5}}]},"7":{"type":"branch","line":22,"loc":{"start":{"line":22,"column":4},"end":{"line":24,"column":44}},"locations":[{"start":{"line":22,"column":4},"end":{"line":24,"column":44}}]},"8":{"type":"branch","line":24,"loc":{"start":{"line":24,"column":46},"end":{"line":37,"column":44}},"locations":[{"start":{"line":24,"column":46},"end":{"line":37,"column":44}}]},"9":{"type":"branch","line":24,"loc":{"start":{"line":24,"column":46},"end":{"line":24,"column":60}},"locations":[{"start":{"line":24,"column":46},"end":{"line":24,"column":60}}]},"10":{"type":"branch","line":24,"loc":{"start":{"line":24,"column":59},"end":{"line":26,"column":49}},"locations":[{"start":{"line":24,"column":59},"end":{"line":26,"column":49}}]},"11":{"type":"branch","line":26,"loc":{"start":{"line":26,"column":49},"end":{"line":29,"column":5}},"locations":[{"start":{"line":26,"column":49},"end":{"line":29,"column":5}}]},"12":{"type":"branch","line":29,"loc":{"start":{"line":29,"column":4},"end":{"line":33,"column":33}},"locations":[{"start":{"line":29,"column":4},"end":{"line":33,"column":33}}]},"13":{"type":"branch","line":33,"loc":{"start":{"line":33,"column":33},"end":{"line":35,"column":5}},"locations":[{"start":{"line":33,"column":33},"end":{"line":35,"column":5}}]},"14":{"type":"branch","line":35,"loc":{"start":{"line":35,"column":4},"end":{"line":37,"column":44}},"locations":[{"start":{"line":35,"column":4},"end":{"line":37,"column":44}}]},"15":{"type":"branch","line":37,"loc":{"start":{"line":37,"column":46},"end":{"line":48,"column":3}},"locations":[{"start":{"line":37,"column":46},"end":{"line":48,"column":3}}]},"16":{"type":"branch","line":37,"loc":{"start":{"line":37,"column":46},"end":{"line":37,"column":60}},"locations":[{"start":{"line":37,"column":46},"end":{"line":37,"column":60}}]},"17":{"type":"branch","line":37,"loc":{"start":{"line":37,"column":59},"end":{"line":41,"column":18}},"locations":[{"start":{"line":37,"column":59},"end":{"line":41,"column":18}}]},"18":{"type":"branch","line":41,"loc":{"start":{"line":41,"column":18},"end":{"line":43,"column":5}},"locations":[{"start":{"line":41,"column":18},"end":{"line":43,"column":5}}]},"19":{"type":"branch","line":43,"loc":{"start":{"line":43,"column":5},"end":{"line":45,"column":5}},"locations":[{"start":{"line":43,"column":5},"end":{"line":45,"column":5}}]},"20":{"type":"branch","line":45,"loc":{"start":{"line":45,"column":4},"end":{"line":48,"column":3}},"locations":[{"start":{"line":45,"column":4},"end":{"line":48,"column":3}}]},"21":{"type":"branch","line":50,"loc":{"start":{"line":50,"column":8},"end":{"line":61,"column":3}},"locations":[{"start":{"line":50,"column":8},"end":{"line":61,"column":3}}]},"22":{"type":"branch","line":54,"loc":{"start":{"line":54,"column":18},"end":{"line":58,"column":5}},"locations":[{"start":{"line":54,"column":18},"end":{"line":58,"column":5}}]},"23":{"type":"branch","line":56,"loc":{"start":{"line":56,"column":5},"end":{"line":58,"column":5}},"locations":[{"start":{"line":56,"column":5},"end":{"line":58,"column":5}}]},"24":{"type":"branch","line":63,"loc":{"start":{"line":63,"column":10},"end":{"line":72,"column":3}},"locations":[{"start":{"line":63,"column":10},"end":{"line":72,"column":3}}]},"25":{"type":"branch","line":67,"loc":{"start":{"line":67,"column":18},"end":{"line":69,"column":5}},"locations":[{"start":{"line":67,"column":18},"end":{"line":69,"column":5}}]}},"b":{"0":[6],"1":[2],"2":[5],"3":[4],"4":[1],"5":[3],"6":[27],"7":[3],"8":[5],"9":[0],"10":[3],"11":[0],"12":[3],"13":[30],"14":[3],"15":[5],"16":[0],"17":[3],"18":[2],"19":[1],"20":[3],"21":[3],"22":[2],"23":[1],"24":[4],"25":[2]},"fnMap":{"0":{"name":"cpf","decl":{"start":{"line":4,"column":8},"end":{"line":48,"column":3}},"loc":{"start":{"line":4,"column":8},"end":{"line":48,"column":3}},"line":4},"1":{"name":"cep","decl":{"start":{"line":50,"column":8},"end":{"line":61,"column":3}},"loc":{"start":{"line":50,"column":8},"end":{"line":61,"column":3}},"line":50},"2":{"name":"phone","decl":{"start":{"line":63,"column":10},"end":{"line":72,"column":3}},"loc":{"start":{"line":63,"column":10},"end":{"line":72,"column":3}},"line":63},"3":{"name":"cpf","decl":{"start":{"line":76,"column":8},"end":{"line":80,"column":3}},"loc":{"start":{"line":76,"column":8},"end":{"line":80,"column":3}},"line":76},"4":{"name":"cep","decl":{"start":{"line":82,"column":8},"end":{"line":86,"column":3}},"loc":{"start":{"line":82,"column":8},"end":{"line":86,"column":3}},"line":82},"5":{"name":"phone","decl":{"start":{"line":88,"column":10},"end":{"line":92,"column":3}},"loc":{"start":{"line":88,"column":10},"end":{"line":92,"column":3}},"line":88},"6":{"name":"text","decl":{"start":{"line":94,"column":9},"end":{"line":98,"column":3}},"loc":{"start":{"line":94,"column":9},"end":{"line":98,"column":3}},"line":94}},"f":{"0":6,"1":3,"2":4,"3":0,"4":0,"5":0,"6":0}}
}
