TN:
SF:src/conversationEngine.js
FN:38,handleConversation
FN:63,handleInit
FN:69,handleAskMedicine
FN:75,handleAskName
FN:81,handleAskCpf
FN:93,handleAskPhone
FN:105,handleAskCep
FN:117,handleFetchCep
FN:137,handleConfirmCityCep
FN:149,handleAskStreet
FN:155,handleAskNumber
FN:167,handleAskDistrict
FN:173,handleConfirmAddress
FN:211,handleEnd
FN:216,buildAddressConfirmation
FN:229,delay
FN:232,formatPhone
FNF:17
FNH:15
FNDA:21,handleConversation
FNDA:1,handleInit
FNDA:2,handleAskMedicine
FNDA:0,handleAskName
FNDA:2,handleAskCpf
FNDA:1,handleAskPhone
FNDA:2,handleAskCep
FNDA:2,handleFetchCep
FNDA:2,handleConfirmCityCep
FNDA:0,handleAskStreet
FNDA:1,handleAskNumber
FNDA:1,handleAskDistrict
FNDA:3,handleConfirmAddress
FNDA:3,handleEnd
FNDA:1,buildAddressConfirmation
FNDA:2,delay
FNDA:1,formatPhone
DA:1,1
DA:2,1
DA:3,1
DA:4,1
DA:5,1
DA:6,1
DA:7,1
DA:8,1
DA:9,1
DA:10,1
DA:11,1
DA:12,1
DA:13,1
DA:14,1
DA:15,1
DA:16,1
DA:17,1
DA:18,1
DA:19,1
DA:20,1
DA:21,1
DA:22,1
DA:23,1
DA:24,1
DA:25,1
DA:26,1
DA:27,1
DA:28,1
DA:29,1
DA:30,1
DA:31,1
DA:32,1
DA:33,1
DA:34,1
DA:35,1
DA:36,1
DA:37,1
DA:38,1
DA:39,21
DA:40,21
DA:41,21
DA:42,21
DA:43,21
DA:44,21
DA:45,21
DA:46,21
DA:47,21
DA:48,1
DA:49,1
DA:50,1
DA:51,20
DA:52,20
DA:53,20
DA:54,21
DA:55,0
DA:56,0
DA:57,0
DA:58,0
DA:59,21
DA:60,1
DA:61,1
DA:62,1
DA:63,1
DA:64,1
DA:65,1
DA:66,1
DA:67,1
DA:68,1
DA:69,2
DA:70,2
DA:71,2
DA:72,2
DA:73,2
DA:74,1
DA:75,0
DA:76,0
DA:77,0
DA:78,0
DA:79,0
DA:80,1
DA:81,2
DA:82,2
DA:83,2
DA:84,2
DA:85,2
DA:86,2
DA:87,0
DA:88,0
DA:89,0
DA:90,0
DA:91,0
DA:92,1
DA:93,1
DA:94,1
DA:95,1
DA:96,1
DA:97,1
DA:98,1
DA:99,0
DA:100,0
DA:101,0
DA:102,0
DA:103,0
DA:104,1
DA:105,2
DA:106,2
DA:107,2
DA:108,2
DA:109,2
DA:110,2
DA:111,0
DA:112,0
DA:113,0
DA:114,0
DA:115,0
DA:116,1
DA:117,2
DA:118,2
DA:119,2
DA:120,1
DA:121,1
DA:122,1
DA:123,1
DA:124,1
DA:125,1
DA:126,1
DA:127,2
DA:128,2
DA:129,2
DA:130,2
DA:131,2
DA:132,1
DA:133,1
DA:134,1
DA:135,2
DA:136,1
DA:137,2
DA:138,2
DA:139,2
DA:140,2
DA:141,2
DA:142,2
DA:143,2
DA:144,0
DA:145,0
DA:146,0
DA:147,0
DA:148,1
DA:149,0
DA:150,0
DA:151,0
DA:152,0
DA:153,0
DA:154,1
DA:155,1
DA:156,1
DA:157,1
DA:158,1
DA:159,1
DA:160,1
DA:161,1
DA:162,0
DA:163,0
DA:164,0
DA:165,0
DA:166,1
DA:167,1
DA:168,1
DA:169,1
DA:170,1
DA:171,1
DA:172,1
DA:173,3
DA:174,3
DA:175,3
DA:176,3
DA:177,2
DA:178,2
DA:179,2
DA:180,1
DA:181,1
DA:182,1
DA:183,1
DA:184,1
DA:185,1
DA:186,1
DA:187,1
DA:188,1
DA:189,1
DA:190,1
DA:191,1
DA:192,1
DA:193,1
DA:194,1
DA:195,1
DA:196,1
DA:197,1
DA:198,1
DA:199,1
DA:200,1
DA:201,1
DA:202,1
DA:203,1
DA:204,1
DA:205,1
DA:206,1
DA:207,1
DA:208,1
DA:209,1
DA:210,1
DA:211,3
DA:212,3
DA:213,3
DA:214,1
DA:215,1
DA:216,1
DA:217,1
DA:218,1
DA:219,1
DA:220,1
DA:221,1
DA:222,1
DA:223,1
DA:224,1
DA:225,1
DA:226,1
DA:227,1
DA:228,1
DA:229,1
DA:230,2
DA:231,2
DA:232,1
DA:233,1
DA:234,1
DA:235,1
DA:236,0
DA:237,0
LF:237
LH:198
BRDA:38,0,0,21
BRDA:47,1,0,1
BRDA:50,2,0,20
BRDA:54,3,0,0
BRDA:63,4,0,1
BRDA:69,5,0,2
BRDA:81,6,0,2
BRDA:86,7,0,0
BRDA:93,8,0,1
BRDA:98,9,0,0
BRDA:105,10,0,2
BRDA:110,11,0,0
BRDA:117,12,0,2
BRDA:119,13,0,1
BRDA:127,14,0,0
BRDA:131,15,0,1
BRDA:137,16,0,2
BRDA:143,17,0,0
BRDA:155,18,0,1
BRDA:161,19,0,0
BRDA:167,20,0,1
BRDA:173,21,0,3
BRDA:176,22,0,2
BRDA:179,23,0,1
BRDA:211,24,0,3
BRDA:216,25,0,1
BRDA:229,26,0,2
BRDA:230,27,0,2
BRDA:232,28,0,1
BRDA:235,29,0,0
BRF:30
BRH:22
end_of_record
TN:
SF:src/validators.js
FN:4,cpf
FN:50,cep
FN:63,phone
FN:76,cpf
FN:82,cep
FN:88,phone
FN:94,text
FNF:7
FNH:3
FNDA:7,cpf
FNDA:4,cep
FNDA:4,phone
FNDA:0,cpf
FNDA:0,cep
FNDA:0,phone
FNDA:0,text
DA:1,1
DA:2,1
DA:3,1
DA:4,1
DA:5,7
DA:6,7
DA:7,7
DA:8,3
DA:9,3
DA:10,3
DA:11,4
DA:12,4
DA:13,5
DA:14,1
DA:15,1
DA:16,1
DA:17,3
DA:18,3
DA:19,3
DA:20,5
DA:21,27
DA:22,27
DA:23,3
DA:24,7
DA:25,3
DA:26,5
DA:27,0
DA:28,0
DA:29,0
DA:30,3
DA:31,3
DA:32,3
DA:33,5
DA:34,30
DA:35,30
DA:36,3
DA:37,7
DA:38,3
DA:39,3
DA:40,3
DA:41,5
DA:42,2
DA:43,5
DA:44,1
DA:45,1
DA:46,3
DA:47,3
DA:48,1
DA:49,1
DA:50,1
DA:51,4
DA:52,4
DA:53,4
DA:54,4
DA:55,3
DA:56,3
DA:57,1
DA:58,1
DA:59,4
DA:60,4
DA:61,1
DA:62,1
DA:63,1
DA:64,4
DA:65,4
DA:66,4
DA:67,4
DA:68,2
DA:69,2
DA:70,4
DA:71,4
DA:72,4
DA:73,1
DA:74,1
DA:75,1
DA:76,1
DA:77,0
DA:78,0
DA:79,0
DA:80,1
DA:81,1
DA:82,1
DA:83,0
DA:84,0
DA:85,0
DA:86,1
DA:87,1
DA:88,1
DA:89,0
DA:90,0
DA:91,0
DA:92,1
DA:93,1
DA:94,1
DA:95,0
DA:96,0
DA:97,0
DA:98,0
DA:99,1
LF:99
LH:83
BRDA:4,0,0,7
BRDA:7,1,0,3
BRDA:10,2,0,5
BRDA:10,3,0,4
BRDA:13,4,0,1
BRDA:16,5,0,3
BRDA:20,6,0,27
BRDA:22,7,0,3
BRDA:24,8,0,5
BRDA:24,9,0,0
BRDA:24,10,0,3
BRDA:26,11,0,0
BRDA:29,12,0,3
BRDA:33,13,0,30
BRDA:35,14,0,3
BRDA:37,15,0,5
BRDA:37,16,0,0
BRDA:37,17,0,3
BRDA:41,18,0,2
BRDA:43,19,0,1
BRDA:45,20,0,3
BRDA:50,21,0,4
BRDA:54,22,0,3
BRDA:56,23,0,1
BRDA:63,24,0,4
BRDA:67,25,0,2
BRF:26
BRH:23
end_of_record
