TN:
SF:src/conversationEngine.js
FN:40,handleConversation
FN:65,handleInit
FN:71,handleAskMedicine
FN:86,handleAskName
FN:92,handleAskCpf
FN:104,handleAskPhone
FN:116,handleAskCep
FN:128,handleFetchCep
FN:148,handleConfirmCityCep
FN:160,handleAskStreet
FN:166,handleAskNumber
FN:178,handleAskDistrict
FN:187,handleConfirmAddress
FN:228,handleEnd
FN:233,buildAddressConfirmation
FN:246,delay
FN:249,formatPhone
FNF:17
FNH:13
FNDA:12,handleConversation
FNDA:1,handleInit
FNDA:2,handleAskMedicine
FNDA:0,handleAskName
FNDA:1,handleAskCpf
FNDA:1,handleAskPhone
FNDA:1,handleAskCep
FNDA:2,handleFetchCep
FNDA:1,handleConfirmCityCep
FNDA:0,handleAskStreet
FNDA:1,handleAskNumber
FNDA:0,handleAskDistrict
FNDA:1,handleConfirmAddress
FNDA:0,handleEnd
FNDA:1,buildAddressConfirmation
FNDA:2,delay
FNDA:1,formatPhone
DA:1,1
DA:2,1
DA:3,1
DA:4,1
DA:5,1
DA:6,1
DA:7,1
DA:8,1
DA:9,1
DA:10,1
DA:11,1
DA:12,1
DA:13,1
DA:14,1
DA:15,1
DA:16,1
DA:17,1
DA:18,1
DA:19,1
DA:20,1
DA:21,1
DA:22,1
DA:23,1
DA:24,1
DA:25,1
DA:26,1
DA:27,1
DA:28,1
DA:29,1
DA:30,1
DA:31,1
DA:32,1
DA:33,1
DA:34,1
DA:35,1
DA:36,1
DA:37,1
DA:38,1
DA:39,1
DA:40,1
DA:41,12
DA:42,12
DA:43,12
DA:44,12
DA:45,12
DA:46,12
DA:47,12
DA:48,12
DA:49,12
DA:50,1
DA:51,1
DA:52,1
DA:53,11
DA:54,11
DA:55,11
DA:56,12
DA:57,0
DA:58,0
DA:59,0
DA:60,0
DA:61,12
DA:62,1
DA:63,1
DA:64,1
DA:65,1
DA:66,1
DA:67,1
DA:68,1
DA:69,1
DA:70,1
DA:71,2
DA:72,2
DA:73,2
DA:74,1
DA:75,1
DA:76,1
DA:77,1
DA:78,1
DA:79,1
DA:80,1
DA:81,1
DA:82,1
DA:83,1
DA:84,1
DA:85,1
DA:86,0
DA:87,0
DA:88,0
DA:89,0
DA:90,0
DA:91,1
DA:92,1
DA:93,1
DA:94,1
DA:95,1
DA:96,1
DA:97,1
DA:98,0
DA:99,0
DA:100,0
DA:101,0
DA:102,0
DA:103,1
DA:104,1
DA:105,1
DA:106,1
DA:107,1
DA:108,1
DA:109,1
DA:110,0
DA:111,0
DA:112,0
DA:113,0
DA:114,0
DA:115,1
DA:116,1
DA:117,1
DA:118,1
DA:119,1
DA:120,1
DA:121,1
DA:122,0
DA:123,0
DA:124,0
DA:125,0
DA:126,0
DA:127,1
DA:128,2
DA:129,2
DA:130,2
DA:131,1
DA:132,1
DA:133,1
DA:134,1
DA:135,1
DA:136,1
DA:137,1
DA:138,2
DA:139,2
DA:140,2
DA:141,2
DA:142,2
DA:143,1
DA:144,1
DA:145,1
DA:146,2
DA:147,1
DA:148,1
DA:149,1
DA:150,1
DA:151,1
DA:152,1
DA:153,1
DA:154,1
DA:155,0
DA:156,0
DA:157,0
DA:158,0
DA:159,1
DA:160,0
DA:161,0
DA:162,0
DA:163,0
DA:164,0
DA:165,1
DA:166,1
DA:167,1
DA:168,1
DA:169,1
DA:170,0
DA:171,0
DA:172,0
DA:173,1
DA:174,1
DA:175,1
DA:176,1
DA:177,1
DA:178,0
DA:179,0
DA:180,0
DA:181,0
DA:182,0
DA:183,0
DA:184,0
DA:185,0
DA:186,1
DA:187,1
DA:188,1
DA:189,1
DA:190,1
DA:191,0
DA:192,0
DA:193,0
DA:194,1
DA:195,1
DA:196,1
DA:197,1
DA:198,1
DA:199,1
DA:200,1
DA:201,1
DA:202,1
DA:203,1
DA:204,1
DA:205,1
DA:206,1
DA:207,1
DA:208,1
DA:209,1
DA:210,1
DA:211,1
DA:212,1
DA:213,1
DA:214,1
DA:215,1
DA:216,1
DA:217,1
DA:218,1
DA:219,1
DA:220,1
DA:221,1
DA:222,1
DA:223,1
DA:224,1
DA:225,1
DA:226,1
DA:227,1
DA:228,0
DA:229,0
DA:230,0
DA:231,1
DA:232,1
DA:233,1
DA:234,1
DA:235,1
DA:236,1
DA:237,1
DA:238,1
DA:239,1
DA:240,1
DA:241,1
DA:242,1
DA:243,1
DA:244,1
DA:245,1
DA:246,1
DA:247,2
DA:248,2
DA:249,1
DA:250,1
DA:251,1
DA:252,1
DA:253,0
DA:254,0
LF:254
LH:202
BRDA:40,0,0,12
BRDA:49,1,0,1
BRDA:52,2,0,11
BRDA:56,3,0,0
BRDA:65,4,0,1
BRDA:71,5,0,2
BRDA:73,6,0,1
BRDA:92,7,0,1
BRDA:97,8,0,0
BRDA:104,9,0,1
BRDA:109,10,0,0
BRDA:116,11,0,1
BRDA:121,12,0,0
BRDA:128,13,0,2
BRDA:130,14,0,1
BRDA:138,15,0,0
BRDA:142,16,0,1
BRDA:148,17,0,1
BRDA:154,18,0,0
BRDA:166,19,0,1
BRDA:169,20,0,0
BRDA:187,21,0,1
BRDA:190,22,0,0
BRDA:233,23,0,1
BRDA:246,24,0,2
BRDA:247,25,0,2
BRDA:249,26,0,1
BRDA:252,27,0,0
BRF:28
BRH:19
end_of_record
TN:
SF:src/validators.js
FN:4,cpf
FN:50,cep
FN:63,phone
FN:76,cpf
FN:82,cep
FN:88,phone
FN:94,text
FNF:7
FNH:3
FNDA:6,cpf
FNDA:3,cep
FNDA:4,phone
FNDA:0,cpf
FNDA:0,cep
FNDA:0,phone
FNDA:0,text
DA:1,1
DA:2,1
DA:3,1
DA:4,1
DA:5,6
DA:6,6
DA:7,6
DA:8,2
DA:9,2
DA:10,2
DA:11,4
DA:12,4
DA:13,5
DA:14,1
DA:15,1
DA:16,1
DA:17,3
DA:18,3
DA:19,3
DA:20,5
DA:21,27
DA:22,27
DA:23,3
DA:24,6
DA:25,3
DA:26,5
DA:27,0
DA:28,0
DA:29,0
DA:30,3
DA:31,3
DA:32,3
DA:33,5
DA:34,30
DA:35,30
DA:36,3
DA:37,6
DA:38,3
DA:39,3
DA:40,3
DA:41,5
DA:42,2
DA:43,5
DA:44,1
DA:45,1
DA:46,3
DA:47,3
DA:48,1
DA:49,1
DA:50,1
DA:51,3
DA:52,3
DA:53,3
DA:54,3
DA:55,2
DA:56,2
DA:57,1
DA:58,1
DA:59,3
DA:60,3
DA:61,1
DA:62,1
DA:63,1
DA:64,4
DA:65,4
DA:66,4
DA:67,4
DA:68,2
DA:69,2
DA:70,4
DA:71,4
DA:72,4
DA:73,1
DA:74,1
DA:75,1
DA:76,1
DA:77,0
DA:78,0
DA:79,0
DA:80,1
DA:81,1
DA:82,1
DA:83,0
DA:84,0
DA:85,0
DA:86,1
DA:87,1
DA:88,1
DA:89,0
DA:90,0
DA:91,0
DA:92,1
DA:93,1
DA:94,1
DA:95,0
DA:96,0
DA:97,0
DA:98,0
DA:99,1
LF:99
LH:83
BRDA:4,0,0,6
BRDA:7,1,0,2
BRDA:10,2,0,5
BRDA:10,3,0,4
BRDA:13,4,0,1
BRDA:16,5,0,3
BRDA:20,6,0,27
BRDA:22,7,0,3
BRDA:24,8,0,5
BRDA:24,9,0,0
BRDA:24,10,0,3
BRDA:26,11,0,0
BRDA:29,12,0,3
BRDA:33,13,0,30
BRDA:35,14,0,3
BRDA:37,15,0,5
BRDA:37,16,0,0
BRDA:37,17,0,3
BRDA:41,18,0,2
BRDA:43,19,0,1
BRDA:45,20,0,3
BRDA:50,21,0,3
BRDA:54,22,0,2
BRDA:56,23,0,1
BRDA:63,24,0,4
BRDA:67,25,0,2
BRF:26
BRH:23
end_of_record
